Using pre-set license
Built from '2021.3/staging' branch; Version is '2021.3.15f1 (e8e88683f834) revision 15263878'; Using compiler version '192829333'; Build Type 'Release'
OS: 'Windows 10  (10.0.19045) 64bit Professional' Language: 'en' Physical Memory: 8152 MB
BatchMode: 1, IsHumanControllingUs: 0, StartBugReporterOnCrash: 0, Is64bit: 1, IsPro: 1

COMMAND LINE ARGUMENTS:
D:\Program Files\2021.3.15f1\Editor\Unity.exe
-adb2
-batchMode
-noUpm
-name
AssetImportWorker2
-projectPath
D:/UnityProjects/2DPlatformer-GameDevCourse
-logFile
Logs/AssetImportWorker2.log
-srvPort
65126
Successfully changed project path to: D:/UnityProjects/2DPlatformer-GameDevCourse
D:/UnityProjects/2DPlatformer-GameDevCourse
[UnityMemory] Configuration Parameters - Can be set up in boot.config
    "memorysetup-bucket-allocator-granularity=16"
    "memorysetup-bucket-allocator-bucket-count=8"
    "memorysetup-bucket-allocator-block-size=33554432"
    "memorysetup-bucket-allocator-block-count=8"
    "memorysetup-main-allocator-block-size=16777216"
    "memorysetup-thread-allocator-block-size=16777216"
    "memorysetup-gfx-main-allocator-block-size=16777216"
    "memorysetup-gfx-thread-allocator-block-size=16777216"
    "memorysetup-cache-allocator-block-size=4194304"
    "memorysetup-typetree-allocator-block-size=2097152"
    "memorysetup-profiler-bucket-allocator-granularity=16"
    "memorysetup-profiler-bucket-allocator-bucket-count=8"
    "memorysetup-profiler-bucket-allocator-block-size=33554432"
    "memorysetup-profiler-bucket-allocator-block-count=8"
    "memorysetup-profiler-allocator-block-size=16777216"
    "memorysetup-profiler-editor-allocator-block-size=1048576"
    "memorysetup-temp-allocator-size-main=16777216"
    "memorysetup-job-temp-allocator-block-size=2097152"
    "memorysetup-job-temp-allocator-block-size-background=1048576"
    "memorysetup-job-temp-allocator-reduction-small-platforms=262144"
    "memorysetup-temp-allocator-size-background-worker=32768"
    "memorysetup-temp-allocator-size-job-worker=262144"
    "memorysetup-temp-allocator-size-preload-manager=33554432"
    "memorysetup-temp-allocator-size-nav-mesh-worker=65536"
    "memorysetup-temp-allocator-size-audio-worker=65536"
    "memorysetup-temp-allocator-size-cloud-worker=32768"
    "memorysetup-temp-allocator-size-gi-baking-worker=262144"
    "memorysetup-temp-allocator-size-gfx=262144"
Player connection [11960] Host "[IP] 192.168.1.36 [Port] 0 [Flags] 2 [Guid] 4171012547 [EditorId] 4171012547 [Version] 1048832 [Id] WindowsEditor(7,DESKTOP-L9BPT7O) [Debug] 1 [PackageName] WindowsEditor [ProjectName] Editor" joined multi-casting on [225.0.0.222:54997]...

Player connection [11960] Host "[IP] 192.168.1.36 [Port] 0 [Flags] 2 [Guid] 4171012547 [EditorId] 4171012547 [Version] 1048832 [Id] WindowsEditor(7,DESKTOP-L9BPT7O) [Debug] 1 [PackageName] WindowsEditor [ProjectName] Editor" joined alternative multi-casting on [225.0.0.222:34997]...

Refreshing native plugins compatible for Editor in 147.05 ms, found 4 plugins.
Preloading 0 native plugins for Editor in 0.00 ms.
Initialize engine version: 2021.3.15f1 (e8e88683f834)
[Subsystems] Discovering subsystems at path D:/Program Files/2021.3.15f1/Editor/Data/Resources/UnitySubsystems
[Subsystems] Discovering subsystems at path D:/UnityProjects/2DPlatformer-GameDevCourse/Assets
GfxDevice: creating device client; threaded=0; jobified=0
Direct3D:
    Version:  Direct3D 11.0 [level 11.1]
    Renderer: NVIDIA GeForce GTX 1070 Ti (ID=0x1b82)
    Vendor:   NVIDIA
    VRAM:     8079 MB
    Driver:   31.0.15.1694
Initialize mono
Mono path[0] = 'D:/Program Files/2021.3.15f1/Editor/Data/Managed'
Mono path[1] = 'D:/Program Files/2021.3.15f1/Editor/Data/MonoBleedingEdge/lib/mono/unityjit-win32'
Mono config path = 'D:/Program Files/2021.3.15f1/Editor/Data/MonoBleedingEdge/etc'
Using monoOptions --debugger-agent=transport=dt_socket,embedding=1,server=y,suspend=n,address=127.0.0.1:56740
Begin MonoManager ReloadAssembly
Registering precompiled unity dll's ...
Register platform support module: D:/Program Files/2021.3.15f1/Editor/Data/PlaybackEngines/WindowsStandaloneSupport/UnityEditor.WindowsStandalone.Extensions.dll
Registered in 0.003336 seconds.
Native extension for WindowsStandalone target not found
Refreshing native plugins compatible for Editor in 148.70 ms, found 4 plugins.
Preloading 0 native plugins for Editor in 0.00 ms.
Mono: successfully reloaded assembly
- Completed reload, in  0.789 seconds
Domain Reload Profiling:
	ReloadAssembly (790ms)
		BeginReloadAssembly (110ms)
			ExecutionOrderSort (0ms)
			DisableScriptedObjects (0ms)
			BackupInstance (0ms)
			ReleaseScriptingObjects (0ms)
			CreateAndSetChildDomain (1ms)
		EndReloadAssembly (560ms)
			LoadAssemblies (109ms)
			RebuildTransferFunctionScriptingTraits (0ms)
			SetupTypeCache (121ms)
			ReleaseScriptCaches (0ms)
			RebuildScriptCaches (31ms)
			SetupLoadedEditorAssemblies (353ms)
				LogAssemblyErrors (0ms)
				InitializePlatformSupportModulesInManaged (7ms)
				SetLoadedEditorAssemblies (0ms)
				RefreshPlugins (149ms)
				BeforeProcessingInitializeOnLoad (1ms)
				ProcessInitializeOnLoadAttributes (147ms)
				ProcessInitializeOnLoadMethodAttributes (49ms)
				AfterProcessingInitializeOnLoad (0ms)
				EditorAssembliesLoaded (0ms)
			ExecutionOrderSort2 (0ms)
			AwakeInstancesAfterBackupRestoration (0ms)
Platform modules already initialized, skipping
Registering precompiled user dll's ...
Registered in 0.008821 seconds.
Begin MonoManager ReloadAssembly
Symbol file LoadedFromMemory doesn't match image D:\UnityProjects\2DPlatformer-GameDevCourse\Library\PackageCache\com.unity.visualscripting@1.7.8\Editor\VisualScripting.Core\Dependencies\YamlDotNet\Unity.VisualScripting.YamlDotNet.dll
Symbol file LoadedFromMemory doesn't match image D:\UnityProjects\2DPlatformer-GameDevCourse\Library\PackageCache\com.unity.visualscripting@1.7.8\Editor\VisualScripting.Core\Dependencies\DotNetZip\Unity.VisualScripting.IonicZip.dll
Native extension for WindowsStandalone target not found
Refreshing native plugins compatible for Editor in 149.42 ms, found 4 plugins.
Preloading 0 native plugins for Editor in 0.00 ms.
Mono: successfully reloaded assembly
- Completed reload, in  3.161 seconds
Domain Reload Profiling:
	ReloadAssembly (3164ms)
		BeginReloadAssembly (144ms)
			ExecutionOrderSort (0ms)
			DisableScriptedObjects (6ms)
			BackupInstance (0ms)
			ReleaseScriptingObjects (0ms)
			CreateAndSetChildDomain (20ms)
		EndReloadAssembly (2871ms)
			LoadAssemblies (136ms)
			RebuildTransferFunctionScriptingTraits (0ms)
			SetupTypeCache (345ms)
			ReleaseScriptCaches (1ms)
			RebuildScriptCaches (84ms)
			SetupLoadedEditorAssemblies (2279ms)
				LogAssemblyErrors (0ms)
				InitializePlatformSupportModulesInManaged (4ms)
				SetLoadedEditorAssemblies (0ms)
				RefreshPlugins (149ms)
				BeforeProcessingInitializeOnLoad (168ms)
				ProcessInitializeOnLoadAttributes (685ms)
				ProcessInitializeOnLoadMethodAttributes (1269ms)
				AfterProcessingInitializeOnLoad (4ms)
				EditorAssembliesLoaded (0ms)
			ExecutionOrderSort2 (0ms)
			AwakeInstancesAfterBackupRestoration (6ms)
Platform modules already initialized, skipping
========================================================================
Worker process is ready to serve import requests
Launched and connected shader compiler UnityShaderCompiler.exe after 0.10 seconds
Refreshing native plugins compatible for Editor in 0.91 ms, found 4 plugins.
Preloading 0 native plugins for Editor in 0.00 ms.
Unloading 5855 Unused Serialized files (Serialized files now loaded: 0)
Unloading 46 unused Assets / (0.7 MB). Loaded Objects now: 6308.
Memory consumption went from 227.5 MB to 226.8 MB.
Total: 6.872400 ms (FindLiveObjects: 0.433700 ms CreateObjectMapping: 0.387600 ms MarkObjects: 5.758700 ms  DeleteObjects: 0.291400 ms)

AssetImportParameters requested are different than current active one (requested -> active):
  custom:video-decoder-ogg-theora: a1e56fd34408186e4bbccfd4996cb3dc -> 
  custom:container-muxer-webm: aa71ff27fc2769a1b78a27578f13a17b -> 
  custom:container-demuxer-webm: 4f35f7cbe854078d1ac9338744f61a02 -> 
  custom:video-encoder-webm-vp8: eb34c28f22e8b96e1ab97ce403110664 -> 
  custom:audio-encoder-webm-vorbis: bf7c407c2cedff20999df2af8eb42d56 -> 
  custom:framework-win-MediaFoundation: 216162199b28c13a410421893ffa2e32 -> 
  custom:container-demuxer-ogg: 62fdf1f143b41e24485cea50d1cbac27 -> 
  custom:video-decoder-webm-vp8: 9c59270c3fd7afecdb556c50c9e8de78 -> 
  custom:audio-decoder-ogg-vorbis: bf7c407c2cedff20999df2af8eb42d56 -> 
========================================================================
Received Import Request.
  Time since last request: 1075578.187052 seconds.
  path: Assets/Sprites/RobotSpritesheet.png
  artifactKey: Guid(af90d58a66261de4eb55240eefc92f2a) Importer(815301076,1909f56bfc062723c751e8b465ee728b)
Start importing Assets/Sprites/RobotSpritesheet.png using Guid(af90d58a66261de4eb55240eefc92f2a) Importer(815301076,1909f56bfc062723c751e8b465ee728b)  -> (artifact id: 'd1072515713841c4b14d715ffcb502d5') in 0.235707 seconds 
========================================================================
Received Import Request.
  Time since last request: 0.000022 seconds.
  path: Assets/Sprites/RobotSpritesheetEyeless.png
  artifactKey: Guid(c79a702231dee1f43a6e4ff617c2ebd1) Importer(815301076,1909f56bfc062723c751e8b465ee728b)
Start importing Assets/Sprites/RobotSpritesheetEyeless.png using Guid(c79a702231dee1f43a6e4ff617c2ebd1) Importer(815301076,1909f56bfc062723c751e8b465ee728b)  -> (artifact id: '366c221c50ae3ca87ba2e4abd96a2bd7') in 0.083518 seconds 
========================================================================
Received Import Request.
  Time since last request: 0.000045 seconds.
  path: Assets/Sprites/BlueRobotEye.png
  artifactKey: Guid(3fd692a3302448f4fa13c5ca07bf06c2) Importer(815301076,1909f56bfc062723c751e8b465ee728b)
Start importing Assets/Sprites/BlueRobotEye.png using Guid(3fd692a3302448f4fa13c5ca07bf06c2) Importer(815301076,1909f56bfc062723c751e8b465ee728b)  -> (artifact id: '8a539431fce4ec23121ccdffe017f50b') in 0.016953 seconds 
========================================================================
Received Import Request.
  Time since last request: 2198.106407 seconds.
  path: Assets/Sprites/DroneSpritesheet.png
  artifactKey: Guid(84cc45a1811c0244ebe19b56e1852cd5) Importer(815301076,1909f56bfc062723c751e8b465ee728b)
Start importing Assets/Sprites/DroneSpritesheet.png using Guid(84cc45a1811c0244ebe19b56e1852cd5) Importer(815301076,1909f56bfc062723c751e8b465ee728b)  -> (artifact id: '7df37124c5b9d828017f13911ee05c3a') in 0.065891 seconds 
========================================================================
Received Import Request.
  Time since last request: 10.563625 seconds.
  path: Assets/Sprites/DroneSpritesheet.png
  artifactKey: Guid(84cc45a1811c0244ebe19b56e1852cd5) Importer(815301076,1909f56bfc062723c751e8b465ee728b)
Start importing Assets/Sprites/DroneSpritesheet.png using Guid(84cc45a1811c0244ebe19b56e1852cd5) Importer(815301076,1909f56bfc062723c751e8b465ee728b)  -> (artifact id: '1237b9cb4c2286d58983550f6a92b4ef') in 0.012653 seconds 
========================================================================
Received Import Request.
  Time since last request: 9.702686 seconds.
  path: Assets/Sprites/DroneSpritesheet.png
  artifactKey: Guid(84cc45a1811c0244ebe19b56e1852cd5) Importer(815301076,1909f56bfc062723c751e8b465ee728b)
Start importing Assets/Sprites/DroneSpritesheet.png using Guid(84cc45a1811c0244ebe19b56e1852cd5) Importer(815301076,1909f56bfc062723c751e8b465ee728b)  -> (artifact id: '9ecfe0e11b54e6b737f988ab959abcb6') in 0.034189 seconds 
========================================================================
Received Import Request.
  Time since last request: 472.945875 seconds.
  path: Assets/Animations/Robot
  artifactKey: Guid(d5f4b3ad2ab4a1542b9bed58b1bf81f7) Importer(815301076,1909f56bfc062723c751e8b465ee728b)
Start importing Assets/Animations/Robot using Guid(d5f4b3ad2ab4a1542b9bed58b1bf81f7) Importer(815301076,1909f56bfc062723c751e8b465ee728b)  -> (artifact id: '786042f842aa1302bb4e6fac7bb5a531') in 0.008194 seconds 
========================================================================
Received Import Request.
  Time since last request: 1.121086 seconds.
  path: Assets/Animations/Robot/Shoo.anim
  artifactKey: Guid(a1d3ef720b678494fb7025cc61695b14) Importer(815301076,1909f56bfc062723c751e8b465ee728b)
Start importing Assets/Animations/Robot/Shoo.anim using Guid(a1d3ef720b678494fb7025cc61695b14) Importer(815301076,1909f56bfc062723c751e8b465ee728b)  -> (artifact id: 'ea802d7332dac09799c14e7195a337d6') in 0.022509 seconds 
========================================================================
Received Import Request.
  Time since last request: 330.481645 seconds.
  path: Assets/Sprites/ArmyMan.png
  artifactKey: Guid(8d4ff3f1c5144ef46864afcb47acc556) Importer(815301076,1909f56bfc062723c751e8b465ee728b)
Start importing Assets/Sprites/ArmyMan.png using Guid(8d4ff3f1c5144ef46864afcb47acc556) Importer(815301076,1909f56bfc062723c751e8b465ee728b)  -> (artifact id: 'd0e25b789faa3884e3ac364f2518a4f5') in 0.036872 seconds 
